(1273195274963822000) INF Mem log initialized
(1273195318837741000) INF task 1 is asking for 4 frames
(1273195318838726000) INF 8 free frames were found: 0,1,2,3,4,5,6,7
(1273195318838780000) INF assigning free frames
(1273195318839191000) INF assigned frames: 0,1,2,3
(1273195318839589000) INF frame owners table updated
(1273195318839679000) INF memory owners: 1,1,1,1,-1,-1,-1,-1
(1273195318839762000) INF swap owners: -1,-1,-1,-1,-1,-1,-1,-1
(1273195321118878000) INF task 0 is asking for 0 frames
(1273195321119198000) INF 4 free frames were found: 4,5,6,7
(1273195321119212000) INF assigning free frames
(1273195321119247000) INF assigned frames: 
(1273195321119258000) INF frame owners table updated
(1273195321119292000) INF memory owners: 1,1,1,1,-1,-1,-1,-1
(1273195321119304000) INF swap owners: -1,-1,-1,-1,-1,-1,-1,-1
(1273195324755131000) INF task 0 is asking for 0 frames
(1273195324755284000) INF 4 free frames were found: 4,5,6,7
(1273195324755296000) INF assigning free frames
(1273195324755325000) INF assigned frames: 
(1273195324755335000) INF frame owners table updated
(1273195324755346000) INF memory owners: 1,1,1,1,-1,-1,-1,-1
(1273195324755356000) INF swap owners: -1,-1,-1,-1,-1,-1,-1,-1
(1273195337822292000) INF task 2 is asking for 2 frames
(1273195337822414000) INF 4 free frames were found: 4,5,6,7
(1273195337822432000) INF assigning free frames
(1273195337822479000) INF assigned frames: 4,5
(1273195337822499000) INF frame owners table updated
(1273195337822529000) INF memory owners: 1,1,1,1,2,2,-1,-1
(1273195337822559000) INF swap owners: -1,-1,-1,-1,-1,-1,-1,-1
(1273195338224840000) INF task 3 is asking for 2 frames
(1273195338224867000) INF task's parent found: 2, sharing frames
(1273195338225554000) INF assigned frames: 4,5
(1273195338225581000) INF frame owners table updated
(1273195338225610000) INF memory owners: 1,1,1,1,3,3,-1,-1
(1273195338225640000) INF swap owners: -1,-1,-1,-1,-1,-1,-1,-1
(1273195338227616000) INF task 4 is asking for 2 frames
(1273195338227654000) INF task's parent found: 2, sharing frames
(1273195338227695000) INF assigned frames: 4,5
(1273195338227714000) INF frame owners table updated
(1273195338227742000) INF memory owners: 1,1,1,1,4,4,-1,-1
(1273195338227769000) INF swap owners: -1,-1,-1,-1,-1,-1,-1,-1
(1273195338577790000) INF ending task 3, frames owned: 
(1273195338580919000) INF ending task 4, frames owned: 4,5
(1273195338582187000) INF ending task 2, frames owned: 
