(1273903802770346000) INF Mem log initialized
(1273903867777995000) INF task 1 is asking for 9 frames
(1273903867779154000) INF 8 free frames were found: 0,1,2,3,4,5,6,7
(1273903867779207000) INF trying to swap in/out
(1273903867780361000) INF swap used: 0
(1273903867781273000) INF free swap frames: 0,1,2,3,4,5,6,7
(1273903867782216000) INF frames not owned by task asking for frames: 0,1,2,3,4,5,6,7
(1273903867782271000) INF swaping in and out frames
(1273903867782340000) INF swaping out frames from memory: 0,1,2,3,4,5,6,7
(1273903867783429000) INF swaping in swap frame 0
(1273903867783544000) INF swaping in swap frame 0
(1273903867783640000) INF swaping in swap frame 0
(1273903867783736000) INF swaping in swap frame 0
(1273903867783830000) INF swaping in swap frame 0
(1273903867783925000) INF swaping in swap frame 0
(1273903867784020000) INF swaping in swap frame 0
(1273903867784114000) INF swaping in swap frame 0
(1273903867784183000) INF assigned frames: 0,1,2,3,4,5,6,7
(1273903867784648000) INF frame owners table updated
(1273903867784720000) INF memory owners: 1,1,1,1,1,1,1,1
(1273903867784791000) INF swap owners: -1,-1,-1,-1,-1,-1,-1,-1
