(1272999365265367000) INF Tasks log initialized
(1272999369425314000) INF Changed task: pid: 0, programName: debug, priority: 0, CPU burst: 0, parent_id: 0, state_id: 1, waitingTimeSinceLastIO: 0 to state "New"
(1272999369457254000) INF Changed task: pid: 1, programName: fork, priority: 4, CPU burst: 19, parent_id: 0, state_id: 1, waitingTimeSinceLastIO: 0 to state "New"
(1272999369457389000) INF runTask: pid: 1, programName: fork, priority: 4, CPU burst: 19, parent_id: 0, state_id: 1, waitingTimeSinceLastIO: 0
(1272999369457525000) INF Changed task: pid: 1, programName: fork, priority: 4, CPU burst: 19, parent_id: 0, state_id: 2, waitingTimeSinceLastIO: 0 to state "Ready"
(1272999369458380000) INF Adding pid: 1, programName: fork, priority: 4, CPU burst: 19, parent_id: 0, state_id: 2, waitingTimeSinceLastIO: 0 to queue: Queue1
(1272999369458523000) INF Added task to queue: Queue1
(1272999369458948000) INF Executing tasks from queue: Queue1
(1272999369459456000) INF Changed task: pid: 1, programName: fork, priority: 4, CPU burst: 19, parent_id: 0, state_id: 3, waitingTimeSinceLastIO: 0 to state "Running"
(1272999369467407000) INF Context switch, cause: i/o
(1272999369467563000) INF Dequeued task, active scheduling queue: id: 1 name: Queue1 quantum: 4 Queue: PriorityQueue()
(1272999369467679000) INF saved task registers
(1272999369467785000) INF Changed task: pid: 1, programName: fork, priority: 4, CPU burst: 19, parent_id: 0, state_id: 4, waitingTimeSinceLastIO: 0 to state "waiting"
(1272999369468405000) INF Queue to place task after I/O wait: id: 1 name: Queue1 quantum: 4 Queue: PriorityQueue()
(1272999369468562000) INF Added task to waiting queue: pid: 1, programName: fork, priority: 4, CPU burst: 19, parent_id: 0, state_id: 4, waitingTimeSinceLastIO: 0
(1272999369468675000) INF queues: ArrayBuffer(id: 1 name: Queue1 quantum: 4 Queue: PriorityQueue())
(1272999369471689000) INF Waking up task: pid: 1, programName: fork, priority: 4, CPU burst: 19, parent_id: 0, state_id: 4, waitingTimeSinceLastIO: 5
(1272999369471831000) INF Changed task: pid: 1, programName: fork, priority: 4, CPU burst: 19, parent_id: 0, state_id: 2, waitingTimeSinceLastIO: 5 to state "ready"
(1272999369471958000) INF Adding task pid: 1, programName: fork, priority: 4, CPU burst: 19, parent_id: 0, state_id: 2, waitingTimeSinceLastIO: 0 to Queue1
(1272999369472140000) INF Queue1: id: 1 name: Queue1 quantum: 4 Queue: PriorityQueue(pid: 1, programName: fork, priority: 4, CPU burst: 19, parent_id: 0, state_id: 2, waitingTimeSinceLastIO: 0)
(1272999369472231000) INF Waiting queue: Queue()
(1272999369472312000) INF Executing tasks from queue: Queue1
(1272999369472463000) INF Changed task: pid: 1, programName: fork, priority: 4, CPU burst: 19, parent_id: 0, state_id: 3, waitingTimeSinceLastIO: 0 to state "Running"
(1272999369473754000) INF Changed task: pid: 2, programName: base, priority: 1, CPU burst: 2, parent_id: 1, state_id: 1, waitingTimeSinceLastIO: 0 to state "New"
(1272999369473848000) INF runTask: pid: 2, programName: base, priority: 1, CPU burst: 2, parent_id: 1, state_id: 1, waitingTimeSinceLastIO: 0
(1272999369473953000) INF Changed task: pid: 2, programName: base, priority: 1, CPU burst: 2, parent_id: 1, state_id: 2, waitingTimeSinceLastIO: 0 to state "Ready"
(1272999369474168000) INF Adding pid: 2, programName: base, priority: 1, CPU burst: 2, parent_id: 1, state_id: 2, waitingTimeSinceLastIO: 0 to queue: Queue1
(1272999369474887000) INF Added task to queue: Queue1
(1272999369474988000) INF taskId 1 has fork a new child, taskId: pid: 2, programName: base, priority: 1, CPU burst: 2, parent_id: 1, state_id: 2, waitingTimeSinceLastIO: 0
(1272999369475333000) INF running next task because of fork and Queue1 is preemptive
(1272999369475423000) INF saved task registers
(1272999369475491000) INF Executing tasks from queue: Queue1
(1272999369475637000) INF Changed task: pid: 1, programName: fork, priority: 4, CPU burst: 19, parent_id: 0, state_id: 3, waitingTimeSinceLastIO: 0 to state "Running"
(1272999369476928000) INF Changed task: pid: 3, programName: base, priority: 8, CPU burst: 2, parent_id: 1, state_id: 1, waitingTimeSinceLastIO: 0 to state "New"
(1272999369477053000) INF runTask: pid: 3, programName: base, priority: 8, CPU burst: 2, parent_id: 1, state_id: 1, waitingTimeSinceLastIO: 0
(1272999369477156000) INF Changed task: pid: 3, programName: base, priority: 8, CPU burst: 2, parent_id: 1, state_id: 2, waitingTimeSinceLastIO: 0 to state "Ready"
(1272999369477251000) INF Adding pid: 3, programName: base, priority: 8, CPU burst: 2, parent_id: 1, state_id: 2, waitingTimeSinceLastIO: 0 to queue: Queue1
(1272999369477343000) INF Added task to queue: Queue1
(1272999369477430000) INF taskId 1 has fork a new child, taskId: pid: 3, programName: base, priority: 8, CPU burst: 2, parent_id: 1, state_id: 2, waitingTimeSinceLastIO: 0
(1272999369477735000) INF running next task because of fork and Queue1 is preemptive
(1272999369477820000) INF saved task registers
(1272999369477886000) INF Executing tasks from queue: Queue1
(1272999369478043000) INF Changed task: pid: 3, programName: base, priority: 8, CPU burst: 2, parent_id: 1, state_id: 3, waitingTimeSinceLastIO: 0 to state "Running"
(1272999369478847000) INF Context switch, cause: i/o
(1272999369478983000) INF Dequeued task, active scheduling queue: id: 1 name: Queue1 quantum: 4 Queue: PriorityQueue(pid: 1, programName: fork, priority: 4, CPU burst: 19, parent_id: 0, state_id: 3, waitingTimeSinceLastIO: 0, pid: 2, programName: base, priority: 1, CPU burst: 2, parent_id: 1, state_id: 2, waitingTimeSinceLastIO: 0)
(1272999369479113000) INF saved task registers
(1272999369479198000) INF Changed task: pid: 3, programName: base, priority: 8, CPU burst: 2, parent_id: 1, state_id: 4, waitingTimeSinceLastIO: 0 to state "waiting"
(1272999369479357000) INF Queue to place task after I/O wait: id: 1 name: Queue1 quantum: 4 Queue: PriorityQueue(pid: 1, programName: fork, priority: 4, CPU burst: 19, parent_id: 0, state_id: 3, waitingTimeSinceLastIO: 0, pid: 2, programName: base, priority: 1, CPU burst: 2, parent_id: 1, state_id: 2, waitingTimeSinceLastIO: 0)
(1272999369479483000) INF Added task to waiting queue: pid: 3, programName: base, priority: 8, CPU burst: 2, parent_id: 1, state_id: 4, waitingTimeSinceLastIO: 0
(1272999369479648000) INF queues: ArrayBuffer(id: 1 name: Queue1 quantum: 4 Queue: PriorityQueue(pid: 1, programName: fork, priority: 4, CPU burst: 19, parent_id: 0, state_id: 3, waitingTimeSinceLastIO: 0, pid: 2, programName: base, priority: 1, CPU burst: 2, parent_id: 1, state_id: 2, waitingTimeSinceLastIO: 0))
(1272999369479766000) INF Executing tasks from queue: Queue1
(1272999369479905000) INF Changed task: pid: 1, programName: fork, priority: 4, CPU burst: 19, parent_id: 0, state_id: 3, waitingTimeSinceLastIO: 0 to state "Running"
(1272999369480958000) INF Context switch, cause: i/o
(1272999369481067000) INF Dequeued task, active scheduling queue: id: 1 name: Queue1 quantum: 4 Queue: PriorityQueue(pid: 2, programName: base, priority: 1, CPU burst: 2, parent_id: 1, state_id: 2, waitingTimeSinceLastIO: 0)
(1272999369481178000) INF saved task registers
(1272999369481284000) INF Changed task: pid: 1, programName: fork, priority: 4, CPU burst: 19, parent_id: 0, state_id: 4, waitingTimeSinceLastIO: 0 to state "waiting"
(1272999369481426000) INF Queue to place task after I/O wait: id: 1 name: Queue1 quantum: 4 Queue: PriorityQueue(pid: 2, programName: base, priority: 1, CPU burst: 2, parent_id: 1, state_id: 2, waitingTimeSinceLastIO: 0)
(1272999369481542000) INF Added task to waiting queue: pid: 1, programName: fork, priority: 4, CPU burst: 19, parent_id: 0, state_id: 4, waitingTimeSinceLastIO: 0
(1272999369481670000) INF queues: ArrayBuffer(id: 1 name: Queue1 quantum: 4 Queue: PriorityQueue(pid: 2, programName: base, priority: 1, CPU burst: 2, parent_id: 1, state_id: 2, waitingTimeSinceLastIO: 0))
(1272999369481768000) INF Executing tasks from queue: Queue1
(1272999369481911000) INF Changed task: pid: 2, programName: base, priority: 1, CPU burst: 2, parent_id: 1, state_id: 3, waitingTimeSinceLastIO: 0 to state "Running"
(1272999369482673000) INF Context switch, cause: i/o
(1272999369482753000) INF Dequeued task, active scheduling queue: id: 1 name: Queue1 quantum: 4 Queue: PriorityQueue()
(1272999369482846000) INF saved task registers
(1272999369483089000) INF Changed task: pid: 2, programName: base, priority: 1, CPU burst: 2, parent_id: 1, state_id: 4, waitingTimeSinceLastIO: 0 to state "waiting"
(1272999369483199000) INF Queue to place task after I/O wait: id: 1 name: Queue1 quantum: 4 Queue: PriorityQueue()
(1272999369483310000) INF Added task to waiting queue: pid: 2, programName: base, priority: 1, CPU burst: 2, parent_id: 1, state_id: 4, waitingTimeSinceLastIO: 0
(1272999369483414000) INF queues: ArrayBuffer(id: 1 name: Queue1 quantum: 4 Queue: PriorityQueue())
(1272999369484227000) INF Waking up task: pid: 3, programName: base, priority: 8, CPU burst: 2, parent_id: 1, state_id: 4, waitingTimeSinceLastIO: 5
(1272999369484340000) INF Changed task: pid: 3, programName: base, priority: 8, CPU burst: 2, parent_id: 1, state_id: 2, waitingTimeSinceLastIO: 5 to state "ready"
(1272999369484433000) INF Adding task pid: 3, programName: base, priority: 8, CPU burst: 2, parent_id: 1, state_id: 2, waitingTimeSinceLastIO: 0 to Queue1
(1272999369484565000) INF Queue1: id: 1 name: Queue1 quantum: 4 Queue: PriorityQueue(pid: 3, programName: base, priority: 8, CPU burst: 2, parent_id: 1, state_id: 2, waitingTimeSinceLastIO: 0)
(1272999369484707000) INF Waiting queue: Queue(pid: 1, programName: fork, priority: 4, CPU burst: 19, parent_id: 0, state_id: 4, waitingTimeSinceLastIO: 4, pid: 2, programName: base, priority: 1, CPU burst: 2, parent_id: 1, state_id: 4, waitingTimeSinceLastIO: 3)
(1272999369484826000) INF Executing tasks from queue: Queue1
(1272999369484979000) INF Changed task: pid: 3, programName: base, priority: 8, CPU burst: 2, parent_id: 1, state_id: 3, waitingTimeSinceLastIO: 0 to state "Running"
(1272999369485461000) INF Ending current task with value 1
(1272999369485545000) INF Ending task: pid: 3, programName: base, priority: 8, CPU burst: 2, parent_id: 1, state_id: 3, waitingTimeSinceLastIO: 0
(1272999369487656000) INF Changed task: pid: 3, programName: base, priority: 8, CPU burst: 2, parent_id: 1, state_id: 5, waitingTimeSinceLastIO: 0 to state "Terminated"
(1272999369487845000) INF Ended task: pid: 3, programName: base, priority: 8, CPU burst: 2, parent_id: 1, state_id: 5, waitingTimeSinceLastIO: 0 with value 1
(1272999369488792000) INF Waking up task: pid: 1, programName: fork, priority: 4, CPU burst: 19, parent_id: 0, state_id: 4, waitingTimeSinceLastIO: 5
(1272999369488930000) INF Changed task: pid: 1, programName: fork, priority: 4, CPU burst: 19, parent_id: 0, state_id: 2, waitingTimeSinceLastIO: 5 to state "ready"
(1272999369489023000) INF Adding task pid: 1, programName: fork, priority: 4, CPU burst: 19, parent_id: 0, state_id: 2, waitingTimeSinceLastIO: 0 to Queue1
(1272999369489160000) INF Queue1: id: 1 name: Queue1 quantum: 4 Queue: PriorityQueue(pid: 1, programName: fork, priority: 4, CPU burst: 19, parent_id: 0, state_id: 2, waitingTimeSinceLastIO: 0)
(1272999369489270000) INF Waiting queue: Queue(pid: 2, programName: base, priority: 1, CPU burst: 2, parent_id: 1, state_id: 4, waitingTimeSinceLastIO: 4)
(1272999369489383000) INF Executing tasks from queue: Queue1
(1272999369489528000) INF Changed task: pid: 1, programName: fork, priority: 4, CPU burst: 19, parent_id: 0, state_id: 3, waitingTimeSinceLastIO: 0 to state "Running"
(1272999369490259000) INF Waking up task: pid: 2, programName: base, priority: 1, CPU burst: 2, parent_id: 1, state_id: 4, waitingTimeSinceLastIO: 5
(1272999369490371000) INF Changed task: pid: 2, programName: base, priority: 1, CPU burst: 2, parent_id: 1, state_id: 2, waitingTimeSinceLastIO: 5 to state "ready"
(1272999369490467000) INF Adding task pid: 2, programName: base, priority: 1, CPU burst: 2, parent_id: 1, state_id: 2, waitingTimeSinceLastIO: 0 to Queue1
(1272999369490637000) INF Queue1: id: 1 name: Queue1 quantum: 4 Queue: PriorityQueue(pid: 1, programName: fork, priority: 4, CPU burst: 19, parent_id: 0, state_id: 3, waitingTimeSinceLastIO: 0, pid: 2, programName: base, priority: 1, CPU burst: 2, parent_id: 1, state_id: 2, waitingTimeSinceLastIO: 0)
(1272999369490774000) INF Waiting queue: Queue()
(1272999369490821000) INF Context switch, cause: i/o
(1272999369490929000) INF Dequeued task, active scheduling queue: id: 1 name: Queue1 quantum: 4 Queue: PriorityQueue(pid: 2, programName: base, priority: 1, CPU burst: 2, parent_id: 1, state_id: 2, waitingTimeSinceLastIO: 0)
(1272999369491039000) INF saved task registers
(1272999369491124000) INF Changed task: pid: 1, programName: fork, priority: 4, CPU burst: 19, parent_id: 0, state_id: 4, waitingTimeSinceLastIO: 0 to state "waiting"
(1272999369491306000) INF Queue to place task after I/O wait: id: 1 name: Queue1 quantum: 4 Queue: PriorityQueue(pid: 2, programName: base, priority: 1, CPU burst: 2, parent_id: 1, state_id: 2, waitingTimeSinceLastIO: 0)
(1272999369491414000) INF Added task to waiting queue: pid: 1, programName: fork, priority: 4, CPU burst: 19, parent_id: 0, state_id: 4, waitingTimeSinceLastIO: 0
(1272999369491546000) INF queues: ArrayBuffer(id: 1 name: Queue1 quantum: 4 Queue: PriorityQueue(pid: 2, programName: base, priority: 1, CPU burst: 2, parent_id: 1, state_id: 2, waitingTimeSinceLastIO: 0))
(1272999369491642000) INF Executing tasks from queue: Queue1
(1272999369491781000) INF Changed task: pid: 2, programName: base, priority: 1, CPU burst: 2, parent_id: 1, state_id: 3, waitingTimeSinceLastIO: 0 to state "Running"
(1272999369492595000) INF Ending current task with value 1
(1272999369492686000) INF Ending task: pid: 2, programName: base, priority: 1, CPU burst: 2, parent_id: 1, state_id: 3, waitingTimeSinceLastIO: 0
(1272999369492792000) INF Changed task: pid: 2, programName: base, priority: 1, CPU burst: 2, parent_id: 1, state_id: 5, waitingTimeSinceLastIO: 0 to state "Terminated"
(1272999369492887000) INF Ended task: pid: 2, programName: base, priority: 1, CPU burst: 2, parent_id: 1, state_id: 5, waitingTimeSinceLastIO: 0 with value 1
(1272999369494047000) INF Waking up task: pid: 1, programName: fork, priority: 4, CPU burst: 19, parent_id: 0, state_id: 4, waitingTimeSinceLastIO: 5
(1272999369494168000) INF Changed task: pid: 1, programName: fork, priority: 4, CPU burst: 19, parent_id: 0, state_id: 2, waitingTimeSinceLastIO: 5 to state "ready"
(1272999369494266000) INF Adding task pid: 1, programName: fork, priority: 4, CPU burst: 19, parent_id: 0, state_id: 2, waitingTimeSinceLastIO: 0 to Queue1
(1272999369494401000) INF Queue1: id: 1 name: Queue1 quantum: 4 Queue: PriorityQueue(pid: 1, programName: fork, priority: 4, CPU burst: 19, parent_id: 0, state_id: 2, waitingTimeSinceLastIO: 0)
(1272999369494483000) INF Waiting queue: Queue()
(1272999369494734000) INF Executing tasks from queue: Queue1
(1272999369494884000) INF Changed task: pid: 1, programName: fork, priority: 4, CPU burst: 19, parent_id: 0, state_id: 3, waitingTimeSinceLastIO: 0 to state "Running"
(1272999369495540000) INF Context switch, cause: i/o
(1272999369495620000) INF Dequeued task, active scheduling queue: id: 1 name: Queue1 quantum: 4 Queue: PriorityQueue()
(1272999369495712000) INF saved task registers
(1272999369495799000) INF Changed task: pid: 1, programName: fork, priority: 4, CPU burst: 19, parent_id: 0, state_id: 4, waitingTimeSinceLastIO: 0 to state "waiting"
(1272999369495960000) INF Queue to place task after I/O wait: id: 1 name: Queue1 quantum: 4 Queue: PriorityQueue()
(1272999369499387000) INF Added task to waiting queue: pid: 1, programName: fork, priority: 4, CPU burst: 19, parent_id: 0, state_id: 4, waitingTimeSinceLastIO: 0
(1272999369499528000) INF queues: ArrayBuffer(id: 1 name: Queue1 quantum: 4 Queue: PriorityQueue())
(1272999369500631000) INF Waking up task: pid: 1, programName: fork, priority: 4, CPU burst: 19, parent_id: 0, state_id: 4, waitingTimeSinceLastIO: 5
(1272999369500770000) INF Changed task: pid: 1, programName: fork, priority: 4, CPU burst: 19, parent_id: 0, state_id: 2, waitingTimeSinceLastIO: 5 to state "ready"
(1272999369500865000) INF Adding task pid: 1, programName: fork, priority: 4, CPU burst: 19, parent_id: 0, state_id: 2, waitingTimeSinceLastIO: 0 to Queue1
(1272999369501042000) INF Queue1: id: 1 name: Queue1 quantum: 4 Queue: PriorityQueue(pid: 1, programName: fork, priority: 4, CPU burst: 19, parent_id: 0, state_id: 2, waitingTimeSinceLastIO: 0)
(1272999369501129000) INF Waiting queue: Queue()
(1272999369501211000) INF Executing tasks from queue: Queue1
(1272999369501355000) INF Changed task: pid: 1, programName: fork, priority: 4, CPU burst: 19, parent_id: 0, state_id: 3, waitingTimeSinceLastIO: 0 to state "Running"
(1272999369505197000) INF Context switch, cause: i/o
(1272999369505295000) INF Dequeued task, active scheduling queue: id: 1 name: Queue1 quantum: 4 Queue: PriorityQueue()
(1272999369505390000) INF saved task registers
(1272999369505482000) INF Changed task: pid: 1, programName: fork, priority: 4, CPU burst: 19, parent_id: 0, state_id: 4, waitingTimeSinceLastIO: 0 to state "waiting"
(1272999369505591000) INF Queue to place task after I/O wait: id: 1 name: Queue1 quantum: 4 Queue: PriorityQueue()
(1272999369505679000) INF Added task to waiting queue: pid: 1, programName: fork, priority: 4, CPU burst: 19, parent_id: 0, state_id: 4, waitingTimeSinceLastIO: 0
(1272999369505779000) INF queues: ArrayBuffer(id: 1 name: Queue1 quantum: 4 Queue: PriorityQueue())
(1272999369508579000) INF Waking up task: pid: 1, programName: fork, priority: 4, CPU burst: 19, parent_id: 0, state_id: 4, waitingTimeSinceLastIO: 5
(1272999369508754000) INF Changed task: pid: 1, programName: fork, priority: 4, CPU burst: 19, parent_id: 0, state_id: 2, waitingTimeSinceLastIO: 5 to state "ready"
(1272999369509137000) INF Adding task pid: 1, programName: fork, priority: 4, CPU burst: 19, parent_id: 0, state_id: 2, waitingTimeSinceLastIO: 0 to Queue1
(1272999369509269000) INF Queue1: id: 1 name: Queue1 quantum: 4 Queue: PriorityQueue(pid: 1, programName: fork, priority: 4, CPU burst: 19, parent_id: 0, state_id: 2, waitingTimeSinceLastIO: 0)
(1272999369509322000) INF Waiting queue: Queue()
(1272999369509399000) INF Executing tasks from queue: Queue1
(1272999369509536000) INF Changed task: pid: 1, programName: fork, priority: 4, CPU burst: 19, parent_id: 0, state_id: 3, waitingTimeSinceLastIO: 0 to state "Running"
(1272999369510165000) INF Context switch, cause: i/o
(1272999369510238000) INF Dequeued task, active scheduling queue: id: 1 name: Queue1 quantum: 4 Queue: PriorityQueue()
(1272999369510310000) INF saved task registers
(1272999369510389000) INF Changed task: pid: 1, programName: fork, priority: 4, CPU burst: 19, parent_id: 0, state_id: 4, waitingTimeSinceLastIO: 0 to state "waiting"
(1272999369510466000) INF Queue to place task after I/O wait: id: 1 name: Queue1 quantum: 4 Queue: PriorityQueue()
(1272999369510533000) INF Added task to waiting queue: pid: 1, programName: fork, priority: 4, CPU burst: 19, parent_id: 0, state_id: 4, waitingTimeSinceLastIO: 0
(1272999369510821000) INF queues: ArrayBuffer(id: 1 name: Queue1 quantum: 4 Queue: PriorityQueue())
(1272999369511748000) INF Waking up task: pid: 1, programName: fork, priority: 4, CPU burst: 19, parent_id: 0, state_id: 4, waitingTimeSinceLastIO: 5
(1272999369511829000) INF Changed task: pid: 1, programName: fork, priority: 4, CPU burst: 19, parent_id: 0, state_id: 2, waitingTimeSinceLastIO: 5 to state "ready"
(1272999369511893000) INF Adding task pid: 1, programName: fork, priority: 4, CPU burst: 19, parent_id: 0, state_id: 2, waitingTimeSinceLastIO: 0 to Queue1
(1272999369512030000) INF Queue1: id: 1 name: Queue1 quantum: 4 Queue: PriorityQueue(pid: 1, programName: fork, priority: 4, CPU burst: 19, parent_id: 0, state_id: 2, waitingTimeSinceLastIO: 0)
(1272999369512079000) INF Waiting queue: Queue()
(1272999369512150000) INF Executing tasks from queue: Queue1
(1272999369512280000) INF Changed task: pid: 1, programName: fork, priority: 4, CPU burst: 19, parent_id: 0, state_id: 3, waitingTimeSinceLastIO: 0 to state "Running"
(1272999369512763000) INF Context switch, cause: i/o
(1272999369512831000) INF Dequeued task, active scheduling queue: id: 1 name: Queue1 quantum: 4 Queue: PriorityQueue()
(1272999369512932000) INF saved task registers
(1272999369513008000) INF Changed task: pid: 1, programName: fork, priority: 4, CPU burst: 19, parent_id: 0, state_id: 4, waitingTimeSinceLastIO: 0 to state "waiting"
(1272999369513081000) INF Queue to place task after I/O wait: id: 1 name: Queue1 quantum: 4 Queue: PriorityQueue()
(1272999369513147000) INF Added task to waiting queue: pid: 1, programName: fork, priority: 4, CPU burst: 19, parent_id: 0, state_id: 4, waitingTimeSinceLastIO: 0
(1272999369513218000) INF queues: ArrayBuffer(id: 1 name: Queue1 quantum: 4 Queue: PriorityQueue())
(1272999369514181000) INF Waking up task: pid: 1, programName: fork, priority: 4, CPU burst: 19, parent_id: 0, state_id: 4, waitingTimeSinceLastIO: 5
(1272999369514257000) INF Changed task: pid: 1, programName: fork, priority: 4, CPU burst: 19, parent_id: 0, state_id: 2, waitingTimeSinceLastIO: 5 to state "ready"
(1272999369514320000) INF Adding task pid: 1, programName: fork, priority: 4, CPU burst: 19, parent_id: 0, state_id: 2, waitingTimeSinceLastIO: 0 to Queue1
(1272999369514426000) INF Queue1: id: 1 name: Queue1 quantum: 4 Queue: PriorityQueue(pid: 1, programName: fork, priority: 4, CPU burst: 19, parent_id: 0, state_id: 2, waitingTimeSinceLastIO: 0)
(1272999369514475000) INF Waiting queue: Queue()
(1272999369514545000) INF Executing tasks from queue: Queue1
(1272999369514671000) INF Changed task: pid: 1, programName: fork, priority: 4, CPU burst: 19, parent_id: 0, state_id: 3, waitingTimeSinceLastIO: 0 to state "Running"
(1272999369515164000) INF Context switch, cause: i/o
(1272999369515233000) INF Dequeued task, active scheduling queue: id: 1 name: Queue1 quantum: 4 Queue: PriorityQueue()
(1272999369515854000) INF saved task registers
(1272999369515954000) INF Changed task: pid: 1, programName: fork, priority: 4, CPU burst: 19, parent_id: 0, state_id: 4, waitingTimeSinceLastIO: 0 to state "waiting"
(1272999369520165000) INF Queue to place task after I/O wait: id: 1 name: Queue1 quantum: 4 Queue: PriorityQueue()
(1272999369520293000) INF Added task to waiting queue: pid: 1, programName: fork, priority: 4, CPU burst: 19, parent_id: 0, state_id: 4, waitingTimeSinceLastIO: 0
(1272999369520365000) INF queues: ArrayBuffer(id: 1 name: Queue1 quantum: 4 Queue: PriorityQueue())
(1272999369543914000) INF Waking up task: pid: 1, programName: fork, priority: 4, CPU burst: 19, parent_id: 0, state_id: 4, waitingTimeSinceLastIO: 5
(1272999369544210000) INF Changed task: pid: 1, programName: fork, priority: 4, CPU burst: 19, parent_id: 0, state_id: 2, waitingTimeSinceLastIO: 5 to state "ready"
(1272999369544268000) INF Adding task pid: 1, programName: fork, priority: 4, CPU burst: 19, parent_id: 0, state_id: 2, waitingTimeSinceLastIO: 0 to Queue1
(1272999369544365000) INF Queue1: id: 1 name: Queue1 quantum: 4 Queue: PriorityQueue(pid: 1, programName: fork, priority: 4, CPU burst: 19, parent_id: 0, state_id: 2, waitingTimeSinceLastIO: 0)
(1272999369544409000) INF Waiting queue: Queue()
(1272999369544465000) INF Executing tasks from queue: Queue1
(1272999369544583000) INF Changed task: pid: 1, programName: fork, priority: 4, CPU burst: 19, parent_id: 0, state_id: 3, waitingTimeSinceLastIO: 0 to state "Running"
(1272999369546575000) INF Context switch, cause: quantum_end
(1272999369546656000) INF Dequeued task, active scheduling queue: id: 1 name: Queue1 quantum: 4 Queue: PriorityQueue()
(1272999369546728000) INF saved task registers
